TN:
SF:src\router.ts
FN:33,(anonymous_0)
FN:50,(anonymous_1)
FNF:2
FNH:2
FNDA:4,(anonymous_0)
FNDA:5,(anonymous_1)
DA:1,2
DA:2,2
DA:10,2
DA:11,2
DA:13,2
DA:15,2
DA:16,2
DA:23,2
DA:33,4
DA:39,2
DA:50,5
DA:59,2
DA:66,2
DA:73,2
LF:14
LH:14
BRF:0
BRH:0
end_of_record
TN:
SF:src\server.ts
FN:7,connectDB
FN:28,(anonymous_2)
FNF:2
FNH:2
FNDA:2,connectDB
FNDA:1,(anonymous_2)
DA:1,2
DA:2,2
DA:3,2
DA:4,2
DA:8,2
DA:9,2
DA:10,1
DA:13,0
DA:14,0
DA:20,2
DA:23,2
DA:25,2
DA:27,2
DA:28,2
DA:29,1
DA:34,2
LF:16
LH:14
BRF:0
BRH:0
end_of_record
TN:
SF:src\config\db.ts
FNF:0
FNH:0
DA:1,2
DA:2,2
DA:4,2
DA:6,2
DA:16,2
LF:5
LH:5
BRF:0
BRH:0
end_of_record
TN:
SF:src\handlers\products.ts
FN:5,(anonymous_1)
FN:21,(anonymous_2)
FN:34,(anonymous_3)
FN:43,(anonymous_4)
FN:62,(anonymous_5)
FN:86,(anonymous_6)
FNF:6
FNH:6
FNDA:2,(anonymous_1)
FNDA:2,(anonymous_2)
FNDA:1,(anonymous_3)
FNDA:2,(anonymous_4)
FNDA:2,(anonymous_5)
FNDA:2,(anonymous_6)
DA:2,2
DA:5,2
DA:6,2
DA:7,2
DA:9,2
DA:11,2
DA:12,1
DA:17,2
DA:21,2
DA:22,2
DA:23,2
DA:28,2
DA:30,0
DA:34,2
DA:35,1
DA:36,1
DA:37,1
DA:39,0
DA:43,2
DA:44,2
DA:45,2
DA:47,2
DA:49,2
DA:50,1
DA:55,2
DA:56,1
DA:58,1
DA:62,2
DA:63,2
DA:64,2
DA:66,2
DA:68,2
DA:69,1
DA:74,2
DA:79,1
DA:80,1
DA:82,1
DA:86,2
DA:87,2
DA:88,2
DA:90,2
DA:92,2
DA:93,1
DA:98,2
DA:100,1
LF:45
LH:43
BRDA:11,0,0,1
BRDA:49,1,0,1
BRDA:68,2,0,1
BRDA:92,3,0,1
BRF:4
BRH:4
end_of_record
TN:
SF:src\middleware\index.ts
FN:4,(anonymous_0)
FNF:1
FNH:1
FNDA:18,(anonymous_0)
DA:2,2
DA:4,2
DA:9,18
DA:11,18
DA:12,9
DA:15,9
LF:6
LH:6
BRDA:11,0,0,9
BRF:1
BRH:1
end_of_record
TN:
SF:src\models\Product.model.ts
FNF:0
FNH:0
DA:1,2
DA:6,2
DA:10,2
DA:15,2
DA:20,2
DA:23,2
LF:6
LH:6
BRF:0
BRH:0
end_of_record
